2023-12-03 11:19:37: Peer 1002 is started
2023-12-03 11:20:13: Peer 1002 HANDSHAKE has been sent
2023-12-03 11:20:13: Peer 1002 makes a connection to Peer 1001
2023-12-03 11:20:13: Peer 1002 Received a HANDSHAKE message from Peer 1001
2023-12-03 11:20:14: Peer 1002 sending an INTERESTED message to Peer 1001
2023-12-03 11:20:15: Peer 1002 is UNCHOKED by Peer 1001
2023-12-03 11:20:15: Peer 1002 sending REQUEST message to Peer 1001 for piece 0
2023-12-03 11:20:16: Peer 1002 has downloaded the PIECE 0 from Peer 1001. Now the number of pieces it has is 1
2023-12-03 11:20:16: Peer 1002 sending REQUEST message to Peer 1001 for piece 1
2023-12-03 11:20:17: Peer 1002 is connected from Peer 1004
2023-12-03 11:20:17: Peer 1002 Received a HANDSHAKE message from Peer 1004
2023-12-03 11:20:17: Peer 1002 HANDSHAKE message has been sent successfully.
2023-12-03 11:20:17: Peer 1002 has downloaded the PIECE 1 from Peer 1001. Now the number of pieces it has is 2
2023-12-03 11:20:17: Peer 1002 sending REQUEST message to Peer 1001 for piece 2
2023-12-03 11:20:17: Peer 1002 received a BITFIELD message from Peer 1004
2023-12-03 11:20:17: Peer 1002 sending a BITFIELD message to Peer 1004
2023-12-03 11:20:17: Peer 1002 receieved an INTERESTED message from Peer 1004
2023-12-03 11:20:17: Peer 1002 sending a UNCHOKE message to Peer 1004
2023-12-03 11:20:18: Peer 1002 is connected from Peer 1003
2023-12-03 11:20:18: Peer 1002 Received a HANDSHAKE message from Peer 1003
2023-12-03 11:20:18: Peer 1002 HANDSHAKE message has been sent successfully.
2023-12-03 11:20:18: Peer 1002 has downloaded the PIECE 2 from Peer 1001. Now the number of pieces it has is 3
2023-12-03 11:20:18: Peer 1002 sending REQUEST message to Peer 1001 for piece 3
2023-12-03 11:20:18: Peer 1002 received a BITFIELD message from Peer 1003
2023-12-03 11:20:18: Peer 1002 sending a BITFIELD message to Peer 1003
2023-12-03 11:20:19: Peer 1002 receieved an INTERESTED message from Peer 1003
2023-12-03 11:20:19: Peer 1002 sending a UNCHOKE message to Peer 1003
2023-12-03 11:20:19: Peer 1002 has downloaded the PIECE 3 from Peer 1001. Now the number of pieces it has is 4
2023-12-03 11:20:19: Peer 1002 sending REQUEST message to Peer 1001 for piece 4
2023-12-03 11:20:19: Peer 1002 receieved an INTERESTED message from Peer 1004
2023-12-03 11:20:19: Peer 1002 sending a UNCHOKE message to Peer 1004
2023-12-03 11:20:19: Peer 1002 receieved an INTERESTED message from Peer 1003
2023-12-03 11:20:19: Peer 1002 sending a UNCHOKE message to Peer 1003
2023-12-03 11:20:20: Peer 1002 has downloaded the PIECE 4 from Peer 1001. Now the number of pieces it has is 5
2023-12-03 11:20:20: Peer 1002 sending REQUEST message to Peer 1001 for piece 5
2023-12-03 11:20:20: Peer 1002 receieved an INTERESTED message from Peer 1004
2023-12-03 11:20:20: Peer 1002 sending a UNCHOKE message to Peer 1004
2023-12-03 11:20:20: Peer 1002 receieved an INTERESTED message from Peer 1003
2023-12-03 11:20:20: Peer 1002 sending a UNCHOKE message to Peer 1003
2023-12-03 11:20:20: Peer 1002 has downloaded the PIECE 5 from Peer 1001. Now the number of pieces it has is 6
2023-12-03 11:20:20: Peer 1002 sending REQUEST message to Peer 1001 for piece 6
2023-12-03 11:20:20: Peer 1002 receieved an INTERESTED message from Peer 1003
2023-12-03 11:20:20: Peer 1002 sending a UNCHOKE message to Peer 1003
2023-12-03 11:20:21: Peer 1002 receieved an INTERESTED message from Peer 1004
2023-12-03 11:20:21: Peer 1002 sending a UNCHOKE message to Peer 1004
2023-12-03 11:20:21: Peer 1002 sending a PIECE message for piece 2 to peer 1003
2023-12-03 11:20:21: Peer 1002 has downloaded the PIECE 6 from Peer 1001. Now the number of pieces it has is 7
2023-12-03 11:20:21: Peer 1002 sending REQUEST message to Peer 1001 for piece 7
2023-12-03 11:20:21: Peer 1002 receieved an INTERESTED message from Peer 1004
2023-12-03 11:20:21: Peer 1002 sending a UNCHOKE message to Peer 1004
2023-12-03 11:20:21: Peer 1002 receieved an INTERESTED message from Peer 1003
2023-12-03 11:20:21: Peer 1002 sending a UNCHOKE message to Peer 1003
2023-12-03 11:20:22: Peer 1002 has downloaded the PIECE 7 from Peer 1001. Now the number of pieces it has is 8
2023-12-03 11:20:22: Peer 1002 sending REQUEST message to Peer 1001 for piece 8
2023-12-03 11:20:22: Peer 1002 receieved an INTERESTED message from Peer 1004
2023-12-03 11:20:22: Peer 1002 sending a UNCHOKE message to Peer 1004
2023-12-03 11:20:22: Peer 1002 receieved an INTERESTED message from Peer 1003
2023-12-03 11:20:22: Peer 1002 sending a UNCHOKE message to Peer 1003
2023-12-03 11:20:22: Peer 1002 is CHOKED by Peer 1001
2023-12-03 11:20:23: Peer 1002 sending a PIECE message for piece 4 to peer 1003
2023-12-03 11:20:23: Peer 1002 sending a PIECE message for piece 6 to peer 1004
2023-12-03 11:20:23: Peer 1002 sending a PIECE message for piece 5 to peer 1003
2023-12-03 11:20:23: Peer 1002 sending a PIECE message for piece 7 to peer 1004
2023-12-03 11:20:23: Peer 1002 has selected the preferred neighbors - 1004
2023-12-03 11:20:24: Peer 1002 sending a PIECE message for piece 6 to peer 1003
2023-12-03 11:20:24: Peer 1002 sending a CHOKE message to Peer 1003
2023-12-03 11:20:26: Peer 1004 has downloaded the complete file
2023-12-03 11:20:27: Peer 1002 contains interesting pieces from Peer 1001
2023-12-03 11:20:27: Peer 1002 received HAVE message from Peer 1001 for piece 8
2023-12-03 11:20:27: Peer 1002 sending an INTERESTED message to Peer 1001
2023-12-03 11:20:27: Peer 1002 contains interesting pieces from Peer 1001
2023-12-03 11:20:27: Peer 1002 received HAVE message from Peer 1001 for piece 8
2023-12-03 11:20:27: Peer 1002 sending an INTERESTED message to Peer 1001
2023-12-03 11:20:27: Peer 1002 contains interesting pieces from Peer 1001
2023-12-03 11:20:27: Peer 1002 received HAVE message from Peer 1001 for piece 8
2023-12-03 11:20:27: Peer 1002 sending an INTERESTED message to Peer 1001
2023-12-03 11:20:27: Peer 1002 contains interesting pieces from Peer 1001
2023-12-03 11:20:27: Peer 1002 received HAVE message from Peer 1001 for piece 8
2023-12-03 11:20:27: Peer 1002 sending an INTERESTED message to Peer 1001
2023-12-03 11:20:27: Peer 1002 is UNCHOKED by Peer 1001
2023-12-03 11:20:27: Peer 1002 sending REQUEST message to Peer 1001 for piece 8
2023-12-03 11:20:28: Peer 1002 has downloaded the PIECE 8 from Peer 1001. Now the number of pieces it has is 9
2023-12-03 11:20:28: Peer 1002 sending REQUEST message to Peer 1001 for piece 9
2023-12-03 11:20:28: Peer 1002 sending a UNCHOKE message to Peer 1003
2023-12-03 11:20:28: Peer 1002 has selected the preferred neighbors - 1003
2023-12-03 11:20:29: Peer 1002 has downloaded the PIECE 9 from Peer 1001. Now the number of pieces it has is 10
2023-12-03 11:20:29: Peer 1002 sending REQUEST message to Peer 1001 for piece 10
2023-12-03 11:20:29: Peer 1002 receieved an INTERESTED message from Peer 1003
2023-12-03 11:20:29: Peer 1002 sending a UNCHOKE message to Peer 1003
2023-12-03 11:20:29: Peer 1002 sending a PIECE message for piece 6 to peer 1003
2023-12-03 11:20:29: Peer 1002 has downloaded the PIECE 10 from Peer 1001. Now the number of pieces it has is 11
2023-12-03 11:20:29: Peer 1002 has DOWNLOADED the complete file.
2023-12-03 11:20:29: Peer 1002 sending a DOWNLOAD COMPLETE message to Peer 1004
2023-12-03 11:20:29: Peer 1002 sending a DOWNLOAD COMPLETE message to Peer 1003
2023-12-03 11:20:29: Peer 1002 sending a DOWNLOAD COMPLETE message to Peer 1001
2023-12-03 11:20:35: Peer 1003 has downloaded the complete file
2023-12-03 11:20:43: Peer All peers have completed downloading the file.
2023-12-03 11:20:48: Peer 1002 Peer process is exiting..
